<?xml version="1.0" encoding="UTF-8"?>
<!-- Generated by org.testng.reporters.JUnitXMLReporter -->
<testsuite ignored="1" hostname="HP" failures="0" tests="2" name="Test" time="30.337" errors="0" timestamp="2022-12-11T10:58:22 IST">
  <testcase classname="TestCaseOfSaleForces.LoginTestCase" name="loginPage" time="0.642"/>
  <testcase classname="TestCaseOfSaleForces.SignUpTestCase" name="SignUpPage" time="23.314"/>
  <testcase classname="ResourcesOfTest.BaseClass" name="@AfterSuite quit" time="0.0">
    <ignored/>
  </testcase> <!-- @AfterSuite quit -->
</testsuite> <!-- Test -->
