<?xml version="1.0" encoding="UTF-8"?>
<testng-results ignored="1" total="3" passed="2" failed="0" skipped="0">
  <reporter-output>
  </reporter-output>
  <suite started-at="2022-12-11T10:57:52 IST" name="Suite" finished-at="2022-12-11T10:58:22 IST" duration-ms="30337">
    <groups>
    </groups>
    <test started-at="2022-12-11T10:57:52 IST" name="Test" finished-at="2022-12-11T10:58:22 IST" duration-ms="30337">
      <class name="TestCaseOfSaleForces.LoginTestCase">
        <test-method is-config="true" signature="launch()[pri:0, instance:TestCaseOfSaleForces.LoginTestCase@5b03b9fe]" started-at="2022-12-11T10:57:52 IST" name="launch" finished-at="2022-12-11T10:57:56 IST" duration-ms="3776" status="PASS">
          <reporter-output>
          </reporter-output>
        </test-method> <!-- launch -->
        <test-method signature="loginPage()[pri:0, instance:TestCaseOfSaleForces.LoginTestCase@5b03b9fe]" started-at="2022-12-11T10:57:56 IST" name="loginPage" finished-at="2022-12-11T10:57:57 IST" duration-ms="642" status="PASS">
          <reporter-output>
          </reporter-output>
        </test-method> <!-- loginPage -->
        <test-method is-config="true" signature="quit()[pri:0, instance:TestCaseOfSaleForces.LoginTestCase@5b03b9fe]" started-at="2022-12-11T10:58:22 IST" name="quit" finished-at="2022-12-11T10:58:23 IST" duration-ms="179" status="PASS">
          <reporter-output>
          </reporter-output>
        </test-method> <!-- quit -->
      </class> <!-- TestCaseOfSaleForces.LoginTestCase -->
      <class name="TestCaseOfSaleForces.SignUpTestCase">
        <test-method is-config="true" signature="launch()[pri:0, instance:TestCaseOfSaleForces.SignUpTestCase@194bcebf]" started-at="2022-12-11T10:57:57 IST" name="launch" finished-at="2022-12-11T10:57:59 IST" duration-ms="2574" status="PASS">
          <reporter-output>
          </reporter-output>
        </test-method> <!-- launch -->
        <test-method signature="SignUpPage()[pri:0, instance:TestCaseOfSaleForces.SignUpTestCase@194bcebf]" started-at="2022-12-11T10:57:59 IST" name="SignUpPage" finished-at="2022-12-11T10:58:22 IST" duration-ms="23314" status="PASS">
          <reporter-output>
          </reporter-output>
        </test-method> <!-- SignUpPage -->
      </class> <!-- TestCaseOfSaleForces.SignUpTestCase -->
    </test> <!-- Test -->
  </suite> <!-- Suite -->
</testng-results>
